2021-10-04 07:52:35.494  INFO 608 --- [main] lavalink.server.Launcher                 : 

[32m       .  [31m _                  _ _       _    [32m__ _ _
[32m      /\\ [31m| | __ ___   ____ _| (_)_ __ | | __[32m\ \ \ \
[32m     ( ( )[31m| |/ _` \ \ / / _` | | | '_ \| |/ /[32m \ \ \ \
[32m      \\/ [31m| | (_| |\ V / (_| | | | | | |   < [32m  ) ) ) )
[32m       '  [31m|_|\__,_| \_/ \__,_|_|_|_| |_|_|\_\[32m / / / /
[0m    =========================================[32m/_/_/_/[0m

	Version:        3.3.2.5
	Build:          1222
	Build time:     11.04.2021 08:07:27 UTC
	Branch          master
	Commit:         7b914f2
	Commit time:    09.04.2021 17:14:27 UTC
	JVM:            11.0.11
	Lavaplayer      1.3.76

2021-10-04 07:52:36.197  INFO 608 --- [main] lavalink.server.Launcher                 : Starting Launcher on 75cdc0baecd5 with PID 608 (/home/runner/Dice-Bot/LavaLink Server/Lavalink.jar started by runner in /home/runner/Dice-Bot/LavaLink Server)
2021-10-04 07:52:36.199  INFO 608 --- [main] lavalink.server.Launcher                 : No active profile set, falling back to default profiles: default
2021-10-04 07:52:37.127  WARN 608 --- [background-preinit] o.s.h.c.j.Jackson2ObjectMapperBuilder    : For Jackson Kotlin classes support please add "com.fasterxml.jackson.module:jackson-module-kotlin" to the classpath
2021-10-04 07:52:43.789  WARN 608 --- [main] io.undertow.websockets.jsr               : UT026010: Buffer pool was not set on WebSocketDeploymentInfo, the default pool will be used
2021-10-04 07:52:43.894  INFO 608 --- [main] io.undertow.servlet                      : Initializing Spring embedded WebApplicationContext
2021-10-04 07:52:43.895  INFO 608 --- [main] o.s.web.context.ContextLoader            : Root WebApplicationContext: initialization completed in 7291 ms
2021-10-04 07:52:45.515  WARN 608 --- [main] l.server.config.SentryConfiguration      : Turning off sentry
2021-10-04 07:52:47.194  INFO 608 --- [main] c.s.d.l.tools.GarbageCollectionMonitor   : GC monitoring enabled, reporting results every 2 minutes.
2021-10-04 07:52:48.305  INFO 608 --- [main] lavalink.server.config.KoeConfiguration  : OS: Linux, Arch: amd64
2021-10-04 07:52:48.306  INFO 608 --- [main] lavalink.server.config.KoeConfiguration  : Enabling JDA-NAS
2021-10-04 07:52:48.311  INFO 608 --- [main] c.s.l.c.natives.NativeLibraryLoader      : Native library udpqueue: loading with filter null
2021-10-04 07:52:48.391  INFO 608 --- [main] c.s.l.c.natives.NativeLibraryLoader      : Native library udpqueue: successfully loaded.
2021-10-04 07:52:49.807  INFO 608 --- [main] o.s.s.concurrent.ThreadPoolTaskExecutor  : Initializing ExecutorService 'applicationTaskExecutor'
2021-10-04 07:52:51.400  INFO 608 --- [main] org.xnio                                 : XNIO version 3.3.8.Final
2021-10-04 07:52:51.493  INFO 608 --- [main] org.xnio.nio                             : XNIO NIO Implementation Version 3.3.8.Final
2021-10-04 07:52:51.805  INFO 608 --- [main] o.s.b.w.e.u.UndertowServletWebServer     : Undertow started on port(s) 2333 (http) with context path ''
2021-10-04 07:52:51.890  INFO 608 --- [main] lavalink.server.Launcher                 : Started Launcher in 20.508 seconds (JVM running for 23.152)
2021-10-04 07:52:51.893  INFO 608 --- [main] lavalink.server.Launcher                 : You can safely ignore the big red warning about illegal reflection. See https://github.com/Frederikam/Lavalink/issues/295
2021-10-04 07:52:54.039  INFO 608 --- [XNIO-1 task-1] io.undertow.servlet                      : Initializing Spring DispatcherServlet 'dispatcherServlet'
2021-10-04 07:52:54.042  INFO 608 --- [XNIO-1 task-1] o.s.web.servlet.DispatcherServlet        : Initializing Servlet 'dispatcherServlet'
2021-10-04 07:52:54.119  INFO 608 --- [XNIO-1 task-1] o.s.web.servlet.DispatcherServlet        : Completed initialization in 77 ms
2021-10-04 07:52:54.318 ERROR 608 --- [XNIO-1 task-1] l.server.io.HandshakeInterceptorImpl     : Authentication failed from /172.18.0.1:42490
2021-10-04 07:53:14.142  INFO 608 --- [Thread-1] o.s.s.concurrent.ThreadPoolTaskExecutor  : Shutting down ExecutorService 'applicationTaskExecutor'
2021-10-04 07:53:14.143  INFO 608 --- [Thread-1] c.s.d.l.tools.GarbageCollectionMonitor   : GC monitoring disabled.
2021-10-04 07:53:14.149  INFO 608 --- [Thread-1] io.undertow.servlet                      : Destroying Spring FrameworkServlet 'dispatcherServlet'
2021-10-04 07:53:39.194  INFO 659 --- [main] lavalink.server.Launcher                 : 

[32m       .  [31m _                  _ _       _    [32m__ _ _
[32m      /\\ [31m| | __ ___   ____ _| (_)_ __ | | __[32m\ \ \ \
[32m     ( ( )[31m| |/ _` \ \ / / _` | | | '_ \| |/ /[32m \ \ \ \
[32m      \\/ [31m| | (_| |\ V / (_| | | | | | |   < [32m  ) ) ) )
[32m       '  [31m|_|\__,_| \_/ \__,_|_|_|_| |_|_|\_\[32m / / / /
[0m    =========================================[32m/_/_/_/[0m

	Version:        3.3.2.5
	Build:          1222
	Build time:     11.04.2021 08:07:27 UTC
	Branch          master
	Commit:         7b914f2
	Commit time:    09.04.2021 17:14:27 UTC
	JVM:            11.0.11
	Lavaplayer      1.3.76

2021-10-04 07:53:40.303  INFO 659 --- [main] lavalink.server.Launcher                 : Starting Launcher on 75cdc0baecd5 with PID 659 (/home/runner/Dice-Bot/LavaLink Server/Lavalink.jar started by runner in /home/runner/Dice-Bot/LavaLink Server)
2021-10-04 07:53:40.389  INFO 659 --- [main] lavalink.server.Launcher                 : No active profile set, falling back to default profiles: default
2021-10-04 07:53:41.492  WARN 659 --- [background-preinit] o.s.h.c.j.Jackson2ObjectMapperBuilder    : For Jackson Kotlin classes support please add "com.fasterxml.jackson.module:jackson-module-kotlin" to the classpath
2021-10-04 07:53:50.105  WARN 659 --- [main] io.undertow.websockets.jsr               : UT026010: Buffer pool was not set on WebSocketDeploymentInfo, the default pool will be used
2021-10-04 07:53:50.295  INFO 659 --- [main] io.undertow.servlet                      : Initializing Spring embedded WebApplicationContext
2021-10-04 07:53:50.296  INFO 659 --- [main] o.s.web.context.ContextLoader            : Root WebApplicationContext: initialization completed in 9397 ms
2021-10-04 07:53:53.300  WARN 659 --- [main] l.server.config.SentryConfiguration      : Turning off sentry
2021-10-04 07:53:56.003  INFO 659 --- [main] c.s.d.l.tools.GarbageCollectionMonitor   : GC monitoring enabled, reporting results every 2 minutes.
2021-10-04 07:53:57.809  INFO 659 --- [main] lavalink.server.config.KoeConfiguration  : OS: Linux, Arch: amd64
2021-10-04 07:53:57.810  INFO 659 --- [main] lavalink.server.config.KoeConfiguration  : Enabling JDA-NAS
2021-10-04 07:53:57.891  INFO 659 --- [main] c.s.l.c.natives.NativeLibraryLoader      : Native library udpqueue: loading with filter null
2021-10-04 07:53:57.898  INFO 659 --- [main] c.s.l.c.natives.NativeLibraryLoader      : Native library udpqueue: successfully loaded.
2021-10-04 07:54:00.491  INFO 659 --- [main] o.s.s.concurrent.ThreadPoolTaskExecutor  : Initializing ExecutorService 'applicationTaskExecutor'
2021-10-04 07:54:03.098  INFO 659 --- [main] org.xnio                                 : XNIO version 3.3.8.Final
2021-10-04 07:54:03.201  INFO 659 --- [main] org.xnio.nio                             : XNIO NIO Implementation Version 3.3.8.Final
2021-10-04 07:54:03.796  INFO 659 --- [main] o.s.b.w.e.u.UndertowServletWebServer     : Undertow started on port(s) 2333 (http) with context path ''
2021-10-04 07:54:03.804  INFO 659 --- [main] lavalink.server.Launcher                 : Started Launcher in 30.903 seconds (JVM running for 33.552)
2021-10-04 07:54:03.890  INFO 659 --- [main] lavalink.server.Launcher                 : You can safely ignore the big red warning about illegal reflection. See https://github.com/Frederikam/Lavalink/issues/295
2021-10-04 07:54:04.807  INFO 659 --- [XNIO-1 task-1] io.undertow.servlet                      : Initializing Spring DispatcherServlet 'dispatcherServlet'
2021-10-04 07:54:04.888  INFO 659 --- [XNIO-1 task-1] o.s.web.servlet.DispatcherServlet        : Initializing Servlet 'dispatcherServlet'
2021-10-04 07:54:05.003  INFO 659 --- [XNIO-1 task-1] o.s.web.servlet.DispatcherServlet        : Completed initialization in 114 ms
2021-10-04 07:54:05.304 ERROR 659 --- [XNIO-1 task-1] l.server.io.HandshakeInterceptorImpl     : Authentication failed from /172.18.0.1:55308
