2021-10-04 04:40:52.430  INFO 79 --- [main] lavalink.server.Launcher                 : 

[32m       .  [31m _                  _ _       _    [32m__ _ _
[32m      /\\ [31m| | __ ___   ____ _| (_)_ __ | | __[32m\ \ \ \
[32m     ( ( )[31m| |/ _` \ \ / / _` | | | '_ \| |/ /[32m \ \ \ \
[32m      \\/ [31m| | (_| |\ V / (_| | | | | | |   < [32m  ) ) ) )
[32m       '  [31m|_|\__,_| \_/ \__,_|_|_|_| |_|_|\_\[32m / / / /
[0m    =========================================[32m/_/_/_/[0m

	Version:        3.3.2.5
	Build:          1222
	Build time:     11.04.2021 08:07:27 UTC
	Branch          master
	Commit:         7b914f2
	Commit time:    09.04.2021 17:14:27 UTC
	JVM:            11.0.11
	Lavaplayer      1.3.76

2021-10-04 04:40:53.223  INFO 79 --- [main] lavalink.server.Launcher                 : Starting Launcher on b4b86bc5c507 with PID 79 (/home/runner/Dice-Bot/Lavalink.jar started by runner in /home/runner/Dice-Bot)
2021-10-04 04:40:53.225  INFO 79 --- [main] lavalink.server.Launcher                 : No active profile set, falling back to default profiles: default
2021-10-04 04:40:53.931  WARN 79 --- [background-preinit] o.s.h.c.j.Jackson2ObjectMapperBuilder    : For Jackson Kotlin classes support please add "com.fasterxml.jackson.module:jackson-module-kotlin" to the classpath
2021-10-04 04:41:01.773  WARN 79 --- [main] io.undertow.websockets.jsr               : UT026010: Buffer pool was not set on WebSocketDeploymentInfo, the default pool will be used
2021-10-04 04:41:01.860  INFO 79 --- [main] io.undertow.servlet                      : Initializing Spring embedded WebApplicationContext
2021-10-04 04:41:01.860  INFO 79 --- [main] o.s.web.context.ContextLoader            : Root WebApplicationContext: initialization completed in 8226 ms
2021-10-04 04:41:04.022  WARN 79 --- [main] l.server.config.SentryConfiguration      : Turning off sentry
2021-10-04 04:41:06.532  INFO 79 --- [main] c.s.d.l.tools.GarbageCollectionMonitor   : GC monitoring enabled, reporting results every 2 minutes.
2021-10-04 04:41:07.847  INFO 79 --- [main] lavalink.server.config.KoeConfiguration  : OS: Linux, Arch: amd64
2021-10-04 04:41:07.848  INFO 79 --- [main] lavalink.server.config.KoeConfiguration  : Enabling JDA-NAS
2021-10-04 04:41:07.854  INFO 79 --- [main] c.s.l.c.natives.NativeLibraryLoader      : Native library udpqueue: loading with filter null
2021-10-04 04:41:07.862  INFO 79 --- [main] c.s.l.c.natives.NativeLibraryLoader      : Native library udpqueue: successfully loaded.
2021-10-04 04:41:10.346  INFO 79 --- [main] o.s.s.concurrent.ThreadPoolTaskExecutor  : Initializing ExecutorService 'applicationTaskExecutor'
2021-10-04 04:41:12.835  INFO 79 --- [main] org.xnio                                 : XNIO version 3.3.8.Final
2021-10-04 04:41:12.939  INFO 79 --- [main] org.xnio.nio                             : XNIO NIO Implementation Version 3.3.8.Final
2021-10-04 04:41:13.336  INFO 79 --- [main] o.s.b.w.e.u.UndertowServletWebServer     : Undertow started on port(s) 2333 (http) with context path ''
2021-10-04 04:41:13.344  INFO 79 --- [main] lavalink.server.Launcher                 : Started Launcher in 25.8 seconds (JVM running for 28.966)
2021-10-04 04:41:13.348  INFO 79 --- [main] lavalink.server.Launcher                 : You can safely ignore the big red warning about illegal reflection. See https://github.com/Frederikam/Lavalink/issues/295
2021-10-04 04:41:15.140  INFO 79 --- [XNIO-1 task-1] io.undertow.servlet                      : Initializing Spring DispatcherServlet 'dispatcherServlet'
2021-10-04 04:41:15.141  INFO 79 --- [XNIO-1 task-1] o.s.web.servlet.DispatcherServlet        : Initializing Servlet 'dispatcherServlet'
2021-10-04 04:41:15.235  INFO 79 --- [XNIO-1 task-1] o.s.web.servlet.DispatcherServlet        : Completed initialization in 93 ms
2021-10-04 04:41:15.426 ERROR 79 --- [XNIO-1 task-1] l.server.io.HandshakeInterceptorImpl     : Authentication failed from /172.18.0.1:47044
2021-10-04 04:41:45.977  INFO 79 --- [Thread-1] o.s.s.concurrent.ThreadPoolTaskExecutor  : Shutting down ExecutorService 'applicationTaskExecutor'
2021-10-04 04:41:45.978  INFO 79 --- [Thread-1] c.s.d.l.tools.GarbageCollectionMonitor   : GC monitoring disabled.
2021-10-04 04:41:45.983  INFO 79 --- [Thread-1] io.undertow.servlet                      : Destroying Spring FrameworkServlet 'dispatcherServlet'
